2025-04-21 10:08:17.369 - 开始执行数据库连接监控任务
2025-04-21 10:08:17.428 - 数据库连接监控任务执行完成
2025-04-21 10:18:17.371 - 开始执行数据库连接监控任务
2025-04-21 10:18:17.378 - 数据库连接监控任务执行完成
2025-04-21 10:28:17.371 - 开始执行数据库连接监控任务
2025-04-21 10:28:17.383 - 数据库连接监控任务执行完成
2025-04-21 10:38:17.368 - 开始执行数据库连接监控任务
2025-04-21 10:38:17.385 - 数据库连接监控任务执行完成
2025-04-21 10:48:17.372 - 开始执行数据库连接监控任务
2025-04-21 10:48:17.379 - 数据库连接监控任务执行完成
2025-04-21 10:48:17.380 - 开始执行数据库性能监控任务
2025-04-21 10:48:17.398 - 数据库性能监控任务执行完成
2025-04-21 10:58:17.381 - 开始执行数据库连接监控任务
2025-04-21 10:58:17.446 - 数据库连接监控任务执行完成
2025-04-21 11:08:17.374 - 开始执行数据库连接监控任务
2025-04-21 11:08:17.395 - 数据库连接监控任务执行完成
2025-04-21 11:18:17.374 - 开始执行数据库连接监控任务
2025-04-21 11:18:17.383 - 数据库连接监控任务执行完成
2025-04-21 11:28:17.340 - 开始执行数据库连接监控任务
2025-04-21 11:28:17.352 - 数据库连接监控任务执行完成
2025-04-21 11:38:17.338 - 开始执行数据库连接监控任务
2025-04-21 11:38:17.361 - 数据库连接监控任务执行完成
2025-04-21 11:48:17.335 - 开始执行数据库连接监控任务
2025-04-21 11:48:17.370 - 数据库连接监控任务执行完成
2025-04-21 11:48:17.370 - 开始执行数据库性能监控任务
2025-04-21 11:48:17.387 - 数据库性能监控任务执行完成
2025-04-21 11:58:17.252 - 开始执行数据库连接监控任务
2025-04-21 11:58:17.265 - 数据库连接监控任务执行完成
2025-04-21 13:41:53.967 - 开始执行数据库连接监控任务
2025-04-21 13:41:54.022 - 数据库连接监控任务执行完成
2025-04-21 13:51:53.971 - 开始执行数据库连接监控任务
2025-04-21 13:51:53.978 - 数据库连接监控任务执行完成
2025-04-21 14:01:53.951 - 开始执行数据库连接监控任务
2025-04-21 14:01:53.969 - 数据库连接监控任务执行完成
2025-04-21 14:11:53.994 - 开始执行数据库连接监控任务
2025-04-21 14:11:54.014 - 数据库连接监控任务执行完成
2025-04-21 14:21:53.992 - 开始执行数据库连接监控任务
2025-04-21 14:21:53.999 - 数据库连接监控任务执行完成
2025-04-21 14:21:53.999 - 开始执行数据库性能监控任务
2025-04-21 14:21:54.023 - 数据库性能监控任务执行完成
2025-04-21 14:31:54.001 - 开始执行数据库连接监控任务
2025-04-21 14:31:54.009 - 数据库连接监控任务执行完成
2025-04-21 14:41:54.001 - 开始执行数据库连接监控任务
2025-04-21 14:41:54.026 - 数据库连接监控任务执行完成
2025-04-21 14:51:54.005 - 开始执行数据库连接监控任务
2025-04-21 14:51:54.023 - 数据库连接监控任务执行完成
2025-04-21 15:01:54.033 - 开始执行数据库连接监控任务
2025-04-21 15:01:54.050 - 数据库连接监控任务执行完成
2025-04-21 15:11:54.040 - 开始执行数据库连接监控任务
2025-04-21 15:11:54.052 - 数据库连接监控任务执行完成
2025-04-21 15:21:54.043 - 开始执行数据库连接监控任务
2025-04-21 15:21:54.050 - 数据库连接监控任务执行完成
2025-04-21 15:21:54.050 - 开始执行数据库性能监控任务
2025-04-21 15:21:54.068 - 数据库性能监控任务执行完成
2025-04-21 15:31:54.049 - 开始执行数据库连接监控任务
2025-04-21 15:31:54.062 - 数据库连接监控任务执行完成
2025-04-21 15:41:54.059 - 开始执行数据库连接监控任务
2025-04-21 15:41:54.074 - 数据库连接监控任务执行完成
2025-04-21 15:51:54.064 - 开始执行数据库连接监控任务
2025-04-21 15:51:54.084 - 数据库连接监控任务执行完成
2025-04-21 16:01:54.085 - 开始执行数据库连接监控任务
2025-04-21 16:01:54.099 - 数据库连接监控任务执行完成
2025-04-21 16:11:54.086 - 开始执行数据库连接监控任务
2025-04-21 16:11:54.103 - 数据库连接监控任务执行完成
2025-04-21 16:21:54.092 - 开始执行数据库连接监控任务
2025-04-21 16:21:54.110 - 数据库连接监控任务执行完成
2025-04-21 16:21:54.111 - 开始执行数据库性能监控任务
2025-04-21 16:21:54.127 - 数据库性能监控任务执行完成
2025-04-21 16:31:54.026 - 开始执行数据库连接监控任务
2025-04-21 16:31:54.037 - 数据库连接监控任务执行完成
2025-04-21 16:41:54.036 - 开始执行数据库连接监控任务
2025-04-21 16:41:54.082 - 数据库连接监控任务执行完成
2025-04-21 16:51:54.038 - 开始执行数据库连接监控任务
2025-04-21 16:51:54.057 - 数据库连接监控任务执行完成
2025-04-21 17:01:54.027 - 开始执行数据库连接监控任务
2025-04-21 17:01:54.040 - 数据库连接监控任务执行完成
2025-04-21 17:11:54.024 - 开始执行数据库连接监控任务
2025-04-21 17:11:54.038 - 数据库连接监控任务执行完成
2025-04-21 17:21:54.025 - 开始执行数据库连接监控任务
2025-04-21 17:21:54.041 - 数据库连接监控任务执行完成
2025-04-21 17:21:54.041 - 开始执行数据库性能监控任务
2025-04-21 17:21:54.058 - 数据库性能监控任务执行完成
2025-04-21 17:31:54.027 - 开始执行数据库连接监控任务
2025-04-21 17:31:54.042 - 数据库连接监控任务执行完成
2025-04-21 17:41:54.046 - 开始执行数据库连接监控任务
2025-04-21 17:41:54.060 - 数据库连接监控任务执行完成
2025-04-21 17:51:54.047 - 开始执行数据库连接监控任务
2025-04-21 17:51:54.057 - 数据库连接监控任务执行完成
2025-04-21 18:01:54.057 - 开始执行数据库连接监控任务
2025-04-21 18:01:54.069 - 数据库连接监控任务执行完成
2025-04-21 18:11:54.058 - 开始执行数据库连接监控任务
2025-04-21 18:11:54.073 - 数据库连接监控任务执行完成
2025-04-21 18:21:54.065 - 开始执行数据库连接监控任务
2025-04-21 18:21:54.079 - 数据库连接监控任务执行完成
2025-04-21 18:21:54.079 - 开始执行数据库性能监控任务
2025-04-21 18:21:54.096 - 数据库性能监控任务执行完成
2025-04-21 18:31:54.026 - 开始执行数据库连接监控任务
2025-04-21 18:31:54.041 - 数据库连接监控任务执行完成
2025-04-21 18:41:54.051 - 开始执行数据库连接监控任务
2025-04-21 18:41:54.064 - 数据库连接监控任务执行完成
2025-04-21 18:51:54.051 - 开始执行数据库连接监控任务
2025-04-21 18:51:54.065 - 数据库连接监控任务执行完成
2025-04-21 19:01:54.006 - 开始执行数据库连接监控任务
2025-04-21 19:01:54.019 - 数据库连接监控任务执行完成
2025-04-21 19:11:54.005 - 开始执行数据库连接监控任务
2025-04-21 19:11:54.034 - 数据库连接监控任务执行完成
2025-04-21 19:13:54.934 - 开始执行每日数据库信息记录任务
2025-04-21 19:13:54.996 - 每日数据库信息记录任务执行完成
2025-04-21 19:21:54.001 - 开始执行数据库连接监控任务
2025-04-21 19:21:54.020 - 数据库连接监控任务执行完成
2025-04-21 19:21:54.020 - 开始执行数据库性能监控任务
2025-04-21 19:21:54.037 - 数据库性能监控任务执行完成
2025-04-21 19:31:53.996 - 开始执行数据库连接监控任务
2025-04-21 19:31:54.020 - 数据库连接监控任务执行完成
2025-04-21 19:41:53.994 - 开始执行数据库连接监控任务
2025-04-21 19:41:54.006 - 数据库连接监控任务执行完成
2025-04-21 19:51:53.990 - 开始执行数据库连接监控任务
2025-04-21 19:51:54.003 - 数据库连接监控任务执行完成
2025-04-21 20:01:53.987 - 开始执行数据库连接监控任务
2025-04-21 20:01:53.993 - 数据库连接监控任务执行完成
2025-04-21 20:18:41.674 - 开始执行数据库连接监控任务
2025-04-21 20:18:41.690 - 数据库连接监控任务执行完成
2025-04-21 20:18:41.690 - 开始执行数据库性能监控任务
2025-04-21 20:18:41.701 - 数据库性能监控任务执行完成
2025-04-21 20:28:41.675 - 开始执行数据库连接监控任务
2025-04-21 20:28:41.692 - 数据库连接监控任务执行完成
2025-04-21 20:38:41.690 - 开始执行数据库连接监控任务
2025-04-21 20:38:41.702 - 数据库连接监控任务执行完成
