2025-04-17 21:07:14.623 DEBUG - Identified candidate component class: URL [jar:file:/Users/torres/Desktop/cursor_workspace/community-waste-classification/target/waste-classification-0.0.1-SNAPSHOT.jar!/BOOT-INF/classes!/com/community/waste/mapper/UserMapper.class]
2025-04-17 21:07:14.623 DEBUG - Identified candidate component class: URL [jar:file:/Users/torres/Desktop/cursor_workspace/community-waste-classification/target/waste-classification-0.0.1-SNAPSHOT.jar!/BOOT-INF/classes!/com/community/waste/mapper/ActivityMapper.class]
2025-04-17 21:07:14.624 DEBUG - Creating MapperFactoryBean with name 'userMapper' and 'com.community.waste.mapper.UserMapper' mapperInterface
2025-04-17 21:07:14.624 DEBUG - Enabling autowire by type for MapperFactoryBean with name 'userMapper'.
2025-04-17 21:07:14.624 DEBUG - Creating MapperFactoryBean with name 'activityMapper' and 'com.community.waste.mapper.ActivityMapper' mapperInterface
2025-04-17 21:07:14.624 DEBUG - Enabling autowire by type for MapperFactoryBean with name 'activityMapper'.
2025-04-17 21:11:12.345 DEBUG - Identified candidate component class: URL [jar:file:/Users/torres/Desktop/cursor_workspace/community-waste-classification/target/waste-classification-0.0.1-SNAPSHOT.jar!/BOOT-INF/classes!/com/community/waste/mapper/UserMapper.class]
2025-04-17 21:11:12.346 DEBUG - Identified candidate component class: URL [jar:file:/Users/torres/Desktop/cursor_workspace/community-waste-classification/target/waste-classification-0.0.1-SNAPSHOT.jar!/BOOT-INF/classes!/com/community/waste/mapper/ActivityMapper.class]
2025-04-17 21:11:12.346 DEBUG - Creating MapperFactoryBean with name 'userMapper' and 'com.community.waste.mapper.UserMapper' mapperInterface
2025-04-17 21:11:12.347 DEBUG - Enabling autowire by type for MapperFactoryBean with name 'userMapper'.
2025-04-17 21:11:12.347 DEBUG - Creating MapperFactoryBean with name 'activityMapper' and 'com.community.waste.mapper.ActivityMapper' mapperInterface
2025-04-17 21:11:12.347 DEBUG - Enabling autowire by type for MapperFactoryBean with name 'activityMapper'.
2025-04-17 21:14:25.211 DEBUG - Identified candidate component class: URL [jar:file:/Users/torres/Desktop/cursor_workspace/community-waste-classification/target/waste-classification-0.0.1-SNAPSHOT.jar!/BOOT-INF/classes!/com/community/waste/mapper/UserMapper.class]
2025-04-17 21:14:25.212 DEBUG - Identified candidate component class: URL [jar:file:/Users/torres/Desktop/cursor_workspace/community-waste-classification/target/waste-classification-0.0.1-SNAPSHOT.jar!/BOOT-INF/classes!/com/community/waste/mapper/ActivityMapper.class]
2025-04-17 21:14:25.212 DEBUG - Creating MapperFactoryBean with name 'userMapper' and 'com.community.waste.mapper.UserMapper' mapperInterface
2025-04-17 21:14:25.213 DEBUG - Enabling autowire by type for MapperFactoryBean with name 'userMapper'.
2025-04-17 21:14:25.213 DEBUG - Creating MapperFactoryBean with name 'activityMapper' and 'com.community.waste.mapper.ActivityMapper' mapperInterface
2025-04-17 21:14:25.213 DEBUG - Enabling autowire by type for MapperFactoryBean with name 'activityMapper'.
2025-04-17 21:18:51.804 DEBUG - Identified candidate component class: URL [jar:file:/Users/torres/Desktop/cursor_workspace/community-waste-classification/target/waste-classification-0.0.1-SNAPSHOT.jar!/BOOT-INF/classes!/com/community/waste/mapper/UserMapper.class]
2025-04-17 21:18:51.804 DEBUG - Identified candidate component class: URL [jar:file:/Users/torres/Desktop/cursor_workspace/community-waste-classification/target/waste-classification-0.0.1-SNAPSHOT.jar!/BOOT-INF/classes!/com/community/waste/mapper/ActivityMapper.class]
2025-04-17 21:18:51.805 DEBUG - Creating MapperFactoryBean with name 'userMapper' and 'com.community.waste.mapper.UserMapper' mapperInterface
2025-04-17 21:18:51.806 DEBUG - Enabling autowire by type for MapperFactoryBean with name 'userMapper'.
2025-04-17 21:18:51.806 DEBUG - Creating MapperFactoryBean with name 'activityMapper' and 'com.community.waste.mapper.ActivityMapper' mapperInterface
2025-04-17 21:18:51.806 DEBUG - Enabling autowire by type for MapperFactoryBean with name 'activityMapper'.
2025-04-17 22:29:52.243 DEBUG - Identified candidate component class: URL [jar:file:/Users/torres/Desktop/cursor_workspace/community-waste-classification/target/waste-classification-0.0.1-SNAPSHOT.jar!/BOOT-INF/classes!/com/community/waste/mapper/UserMapper.class]
2025-04-17 22:29:52.243 DEBUG - Identified candidate component class: URL [jar:file:/Users/torres/Desktop/cursor_workspace/community-waste-classification/target/waste-classification-0.0.1-SNAPSHOT.jar!/BOOT-INF/classes!/com/community/waste/mapper/ActivityMapper.class]
2025-04-17 22:29:52.244 DEBUG - Creating MapperFactoryBean with name 'userMapper' and 'com.community.waste.mapper.UserMapper' mapperInterface
2025-04-17 22:29:52.244 DEBUG - Enabling autowire by type for MapperFactoryBean with name 'userMapper'.
2025-04-17 22:29:52.244 DEBUG - Creating MapperFactoryBean with name 'activityMapper' and 'com.community.waste.mapper.ActivityMapper' mapperInterface
2025-04-17 22:29:52.244 DEBUG - Enabling autowire by type for MapperFactoryBean with name 'activityMapper'.
