2025-04-20 15:58:24.361 DEBUG - Identified candidate component class: URL [jar:file:/Users/torres/Desktop/cursor_workspace/community-waste-classification/target/waste-classification-0.0.1-SNAPSHOT.jar!/BOOT-INF/classes!/com/community/waste/mapper/UserMapper.class]
2025-04-20 15:58:24.362 DEBUG - Identified candidate component class: URL [jar:file:/Users/torres/Desktop/cursor_workspace/community-waste-classification/target/waste-classification-0.0.1-SNAPSHOT.jar!/BOOT-INF/classes!/com/community/waste/mapper/ActivityMapper.class]
2025-04-20 15:58:24.362 DEBUG - Creating MapperFactoryBean with name 'userMapper' and 'com.community.waste.mapper.UserMapper' mapperInterface
2025-04-20 15:58:24.363 DEBUG - Enabling autowire by type for MapperFactoryBean with name 'userMapper'.
2025-04-20 15:58:24.363 DEBUG - Creating MapperFactoryBean with name 'activityMapper' and 'com.community.waste.mapper.ActivityMapper' mapperInterface
2025-04-20 15:58:24.363 DEBUG - Enabling autowire by type for MapperFactoryBean with name 'activityMapper'.
2025-04-20 16:46:13.789 DEBUG - Identified candidate component class: URL [jar:file:/Users/torres/Desktop/cursor_workspace/community-waste-classification/target/waste-classification-0.0.1-SNAPSHOT.jar!/BOOT-INF/classes!/com/community/waste/mapper/AnnouncementMapper.class]
2025-04-20 16:46:13.790 DEBUG - Identified candidate component class: URL [jar:file:/Users/torres/Desktop/cursor_workspace/community-waste-classification/target/waste-classification-0.0.1-SNAPSHOT.jar!/BOOT-INF/classes!/com/community/waste/mapper/WasteRecordMapper.class]
2025-04-20 16:46:13.790 DEBUG - Identified candidate component class: URL [jar:file:/Users/torres/Desktop/cursor_workspace/community-waste-classification/target/waste-classification-0.0.1-SNAPSHOT.jar!/BOOT-INF/classes!/com/community/waste/mapper/UserMapper.class]
2025-04-20 16:46:13.790 DEBUG - Identified candidate component class: URL [jar:file:/Users/torres/Desktop/cursor_workspace/community-waste-classification/target/waste-classification-0.0.1-SNAPSHOT.jar!/BOOT-INF/classes!/com/community/waste/mapper/FaqMapper.class]
2025-04-20 16:46:13.790 DEBUG - Identified candidate component class: URL [jar:file:/Users/torres/Desktop/cursor_workspace/community-waste-classification/target/waste-classification-0.0.1-SNAPSHOT.jar!/BOOT-INF/classes!/com/community/waste/mapper/WasteCategoryMapper.class]
2025-04-20 16:46:13.790 DEBUG - Identified candidate component class: URL [jar:file:/Users/torres/Desktop/cursor_workspace/community-waste-classification/target/waste-classification-0.0.1-SNAPSHOT.jar!/BOOT-INF/classes!/com/community/waste/mapper/ActivityMapper.class]
2025-04-20 16:46:13.790 DEBUG - Creating MapperFactoryBean with name 'announcementMapper' and 'com.community.waste.mapper.AnnouncementMapper' mapperInterface
2025-04-20 16:46:13.791 DEBUG - Enabling autowire by type for MapperFactoryBean with name 'announcementMapper'.
2025-04-20 16:46:13.791 DEBUG - Creating MapperFactoryBean with name 'wasteRecordMapper' and 'com.community.waste.mapper.WasteRecordMapper' mapperInterface
2025-04-20 16:46:13.791 DEBUG - Enabling autowire by type for MapperFactoryBean with name 'wasteRecordMapper'.
2025-04-20 16:46:13.791 DEBUG - Creating MapperFactoryBean with name 'userMapper' and 'com.community.waste.mapper.UserMapper' mapperInterface
2025-04-20 16:46:13.791 DEBUG - Enabling autowire by type for MapperFactoryBean with name 'userMapper'.
2025-04-20 16:46:13.791 DEBUG - Creating MapperFactoryBean with name 'faqMapper' and 'com.community.waste.mapper.FaqMapper' mapperInterface
2025-04-20 16:46:13.791 DEBUG - Enabling autowire by type for MapperFactoryBean with name 'faqMapper'.
2025-04-20 16:46:13.791 DEBUG - Creating MapperFactoryBean with name 'wasteCategoryMapper' and 'com.community.waste.mapper.WasteCategoryMapper' mapperInterface
2025-04-20 16:46:13.791 DEBUG - Enabling autowire by type for MapperFactoryBean with name 'wasteCategoryMapper'.
2025-04-20 16:46:13.791 DEBUG - Creating MapperFactoryBean with name 'activityMapper' and 'com.community.waste.mapper.ActivityMapper' mapperInterface
2025-04-20 16:46:13.792 DEBUG - Enabling autowire by type for MapperFactoryBean with name 'activityMapper'.
2025-04-20 16:50:07.333 DEBUG - Identified candidate component class: URL [jar:file:/Users/torres/Desktop/cursor_workspace/community-waste-classification/target/waste-classification-0.0.1-SNAPSHOT.jar!/BOOT-INF/classes!/com/community/waste/mapper/AnnouncementMapper.class]
2025-04-20 16:50:07.333 DEBUG - Identified candidate component class: URL [jar:file:/Users/torres/Desktop/cursor_workspace/community-waste-classification/target/waste-classification-0.0.1-SNAPSHOT.jar!/BOOT-INF/classes!/com/community/waste/mapper/WasteRecordMapper.class]
2025-04-20 16:50:07.333 DEBUG - Identified candidate component class: URL [jar:file:/Users/torres/Desktop/cursor_workspace/community-waste-classification/target/waste-classification-0.0.1-SNAPSHOT.jar!/BOOT-INF/classes!/com/community/waste/mapper/UserMapper.class]
2025-04-20 16:50:07.333 DEBUG - Identified candidate component class: URL [jar:file:/Users/torres/Desktop/cursor_workspace/community-waste-classification/target/waste-classification-0.0.1-SNAPSHOT.jar!/BOOT-INF/classes!/com/community/waste/mapper/FaqMapper.class]
2025-04-20 16:50:07.333 DEBUG - Identified candidate component class: URL [jar:file:/Users/torres/Desktop/cursor_workspace/community-waste-classification/target/waste-classification-0.0.1-SNAPSHOT.jar!/BOOT-INF/classes!/com/community/waste/mapper/WasteCategoryMapper.class]
2025-04-20 16:50:07.333 DEBUG - Identified candidate component class: URL [jar:file:/Users/torres/Desktop/cursor_workspace/community-waste-classification/target/waste-classification-0.0.1-SNAPSHOT.jar!/BOOT-INF/classes!/com/community/waste/mapper/ActivityMapper.class]
2025-04-20 16:50:07.334 DEBUG - Creating MapperFactoryBean with name 'announcementMapper' and 'com.community.waste.mapper.AnnouncementMapper' mapperInterface
2025-04-20 16:50:07.334 DEBUG - Enabling autowire by type for MapperFactoryBean with name 'announcementMapper'.
2025-04-20 16:50:07.334 DEBUG - Creating MapperFactoryBean with name 'wasteRecordMapper' and 'com.community.waste.mapper.WasteRecordMapper' mapperInterface
2025-04-20 16:50:07.335 DEBUG - Enabling autowire by type for MapperFactoryBean with name 'wasteRecordMapper'.
2025-04-20 16:50:07.335 DEBUG - Creating MapperFactoryBean with name 'userMapper' and 'com.community.waste.mapper.UserMapper' mapperInterface
2025-04-20 16:50:07.335 DEBUG - Enabling autowire by type for MapperFactoryBean with name 'userMapper'.
2025-04-20 16:50:07.335 DEBUG - Creating MapperFactoryBean with name 'faqMapper' and 'com.community.waste.mapper.FaqMapper' mapperInterface
2025-04-20 16:50:07.335 DEBUG - Enabling autowire by type for MapperFactoryBean with name 'faqMapper'.
2025-04-20 16:50:07.335 DEBUG - Creating MapperFactoryBean with name 'wasteCategoryMapper' and 'com.community.waste.mapper.WasteCategoryMapper' mapperInterface
2025-04-20 16:50:07.335 DEBUG - Enabling autowire by type for MapperFactoryBean with name 'wasteCategoryMapper'.
2025-04-20 16:50:07.335 DEBUG - Creating MapperFactoryBean with name 'activityMapper' and 'com.community.waste.mapper.ActivityMapper' mapperInterface
2025-04-20 16:50:07.335 DEBUG - Enabling autowire by type for MapperFactoryBean with name 'activityMapper'.
2025-04-20 16:51:18.083 DEBUG - Identified candidate component class: URL [jar:file:/Users/torres/Desktop/cursor_workspace/community-waste-classification/target/waste-classification-0.0.1-SNAPSHOT.jar!/BOOT-INF/classes!/com/community/waste/mapper/AnnouncementMapper.class]
2025-04-20 16:51:18.084 DEBUG - Identified candidate component class: URL [jar:file:/Users/torres/Desktop/cursor_workspace/community-waste-classification/target/waste-classification-0.0.1-SNAPSHOT.jar!/BOOT-INF/classes!/com/community/waste/mapper/WasteRecordMapper.class]
2025-04-20 16:51:18.084 DEBUG - Identified candidate component class: URL [jar:file:/Users/torres/Desktop/cursor_workspace/community-waste-classification/target/waste-classification-0.0.1-SNAPSHOT.jar!/BOOT-INF/classes!/com/community/waste/mapper/UserMapper.class]
2025-04-20 16:51:18.084 DEBUG - Identified candidate component class: URL [jar:file:/Users/torres/Desktop/cursor_workspace/community-waste-classification/target/waste-classification-0.0.1-SNAPSHOT.jar!/BOOT-INF/classes!/com/community/waste/mapper/FaqMapper.class]
2025-04-20 16:51:18.084 DEBUG - Identified candidate component class: URL [jar:file:/Users/torres/Desktop/cursor_workspace/community-waste-classification/target/waste-classification-0.0.1-SNAPSHOT.jar!/BOOT-INF/classes!/com/community/waste/mapper/WasteCategoryMapper.class]
2025-04-20 16:51:18.084 DEBUG - Identified candidate component class: URL [jar:file:/Users/torres/Desktop/cursor_workspace/community-waste-classification/target/waste-classification-0.0.1-SNAPSHOT.jar!/BOOT-INF/classes!/com/community/waste/mapper/ActivityMapper.class]
2025-04-20 16:51:18.084 DEBUG - Creating MapperFactoryBean with name 'announcementMapper' and 'com.community.waste.mapper.AnnouncementMapper' mapperInterface
2025-04-20 16:51:18.086 DEBUG - Enabling autowire by type for MapperFactoryBean with name 'announcementMapper'.
2025-04-20 16:51:18.086 DEBUG - Creating MapperFactoryBean with name 'wasteRecordMapper' and 'com.community.waste.mapper.WasteRecordMapper' mapperInterface
2025-04-20 16:51:18.086 DEBUG - Enabling autowire by type for MapperFactoryBean with name 'wasteRecordMapper'.
2025-04-20 16:51:18.086 DEBUG - Creating MapperFactoryBean with name 'userMapper' and 'com.community.waste.mapper.UserMapper' mapperInterface
2025-04-20 16:51:18.086 DEBUG - Enabling autowire by type for MapperFactoryBean with name 'userMapper'.
2025-04-20 16:51:18.086 DEBUG - Creating MapperFactoryBean with name 'faqMapper' and 'com.community.waste.mapper.FaqMapper' mapperInterface
2025-04-20 16:51:18.086 DEBUG - Enabling autowire by type for MapperFactoryBean with name 'faqMapper'.
2025-04-20 16:51:18.086 DEBUG - Creating MapperFactoryBean with name 'wasteCategoryMapper' and 'com.community.waste.mapper.WasteCategoryMapper' mapperInterface
2025-04-20 16:51:18.087 DEBUG - Enabling autowire by type for MapperFactoryBean with name 'wasteCategoryMapper'.
2025-04-20 16:51:18.087 DEBUG - Creating MapperFactoryBean with name 'activityMapper' and 'com.community.waste.mapper.ActivityMapper' mapperInterface
2025-04-20 16:51:18.087 DEBUG - Enabling autowire by type for MapperFactoryBean with name 'activityMapper'.
2025-04-20 16:54:44.531 DEBUG - Identified candidate component class: URL [jar:file:/Users/torres/Desktop/cursor_workspace/community-waste-classification/target/waste-classification-0.0.1-SNAPSHOT.jar!/BOOT-INF/classes!/com/community/waste/mapper/AnnouncementMapper.class]
2025-04-20 16:54:44.531 DEBUG - Identified candidate component class: URL [jar:file:/Users/torres/Desktop/cursor_workspace/community-waste-classification/target/waste-classification-0.0.1-SNAPSHOT.jar!/BOOT-INF/classes!/com/community/waste/mapper/WasteRecordMapper.class]
2025-04-20 16:54:44.531 DEBUG - Identified candidate component class: URL [jar:file:/Users/torres/Desktop/cursor_workspace/community-waste-classification/target/waste-classification-0.0.1-SNAPSHOT.jar!/BOOT-INF/classes!/com/community/waste/mapper/UserMapper.class]
2025-04-20 16:54:44.531 DEBUG - Identified candidate component class: URL [jar:file:/Users/torres/Desktop/cursor_workspace/community-waste-classification/target/waste-classification-0.0.1-SNAPSHOT.jar!/BOOT-INF/classes!/com/community/waste/mapper/FaqMapper.class]
2025-04-20 16:54:44.531 DEBUG - Identified candidate component class: URL [jar:file:/Users/torres/Desktop/cursor_workspace/community-waste-classification/target/waste-classification-0.0.1-SNAPSHOT.jar!/BOOT-INF/classes!/com/community/waste/mapper/WasteCategoryMapper.class]
2025-04-20 16:54:44.531 DEBUG - Identified candidate component class: URL [jar:file:/Users/torres/Desktop/cursor_workspace/community-waste-classification/target/waste-classification-0.0.1-SNAPSHOT.jar!/BOOT-INF/classes!/com/community/waste/mapper/ActivityMapper.class]
2025-04-20 16:54:44.531 DEBUG - Creating MapperFactoryBean with name 'announcementMapper' and 'com.community.waste.mapper.AnnouncementMapper' mapperInterface
2025-04-20 16:54:44.532 DEBUG - Enabling autowire by type for MapperFactoryBean with name 'announcementMapper'.
2025-04-20 16:54:44.532 DEBUG - Creating MapperFactoryBean with name 'wasteRecordMapper' and 'com.community.waste.mapper.WasteRecordMapper' mapperInterface
2025-04-20 16:54:44.532 DEBUG - Enabling autowire by type for MapperFactoryBean with name 'wasteRecordMapper'.
2025-04-20 16:54:44.532 DEBUG - Creating MapperFactoryBean with name 'userMapper' and 'com.community.waste.mapper.UserMapper' mapperInterface
2025-04-20 16:54:44.532 DEBUG - Enabling autowire by type for MapperFactoryBean with name 'userMapper'.
2025-04-20 16:54:44.532 DEBUG - Creating MapperFactoryBean with name 'faqMapper' and 'com.community.waste.mapper.FaqMapper' mapperInterface
2025-04-20 16:54:44.532 DEBUG - Enabling autowire by type for MapperFactoryBean with name 'faqMapper'.
2025-04-20 16:54:44.532 DEBUG - Creating MapperFactoryBean with name 'wasteCategoryMapper' and 'com.community.waste.mapper.WasteCategoryMapper' mapperInterface
2025-04-20 16:54:44.532 DEBUG - Enabling autowire by type for MapperFactoryBean with name 'wasteCategoryMapper'.
2025-04-20 16:54:44.532 DEBUG - Creating MapperFactoryBean with name 'activityMapper' and 'com.community.waste.mapper.ActivityMapper' mapperInterface
2025-04-20 16:54:44.533 DEBUG - Enabling autowire by type for MapperFactoryBean with name 'activityMapper'.
2025-04-20 17:01:24.850 DEBUG - Identified candidate component class: URL [jar:file:/Users/torres/Desktop/cursor_workspace/community-waste-classification/target/waste-classification-0.0.1-SNAPSHOT.jar!/BOOT-INF/classes!/com/community/waste/mapper/AnnouncementMapper.class]
2025-04-20 17:01:24.851 DEBUG - Identified candidate component class: URL [jar:file:/Users/torres/Desktop/cursor_workspace/community-waste-classification/target/waste-classification-0.0.1-SNAPSHOT.jar!/BOOT-INF/classes!/com/community/waste/mapper/WasteRecordMapper.class]
2025-04-20 17:01:24.851 DEBUG - Identified candidate component class: URL [jar:file:/Users/torres/Desktop/cursor_workspace/community-waste-classification/target/waste-classification-0.0.1-SNAPSHOT.jar!/BOOT-INF/classes!/com/community/waste/mapper/UserMapper.class]
2025-04-20 17:01:24.851 DEBUG - Identified candidate component class: URL [jar:file:/Users/torres/Desktop/cursor_workspace/community-waste-classification/target/waste-classification-0.0.1-SNAPSHOT.jar!/BOOT-INF/classes!/com/community/waste/mapper/FaqMapper.class]
2025-04-20 17:01:24.851 DEBUG - Identified candidate component class: URL [jar:file:/Users/torres/Desktop/cursor_workspace/community-waste-classification/target/waste-classification-0.0.1-SNAPSHOT.jar!/BOOT-INF/classes!/com/community/waste/mapper/WasteCategoryMapper.class]
2025-04-20 17:01:24.851 DEBUG - Identified candidate component class: URL [jar:file:/Users/torres/Desktop/cursor_workspace/community-waste-classification/target/waste-classification-0.0.1-SNAPSHOT.jar!/BOOT-INF/classes!/com/community/waste/mapper/ActivityMapper.class]
2025-04-20 17:01:24.851 DEBUG - Creating MapperFactoryBean with name 'announcementMapper' and 'com.community.waste.mapper.AnnouncementMapper' mapperInterface
2025-04-20 17:01:24.852 DEBUG - Enabling autowire by type for MapperFactoryBean with name 'announcementMapper'.
2025-04-20 17:01:24.852 DEBUG - Creating MapperFactoryBean with name 'wasteRecordMapper' and 'com.community.waste.mapper.WasteRecordMapper' mapperInterface
2025-04-20 17:01:24.852 DEBUG - Enabling autowire by type for MapperFactoryBean with name 'wasteRecordMapper'.
2025-04-20 17:01:24.852 DEBUG - Creating MapperFactoryBean with name 'userMapper' and 'com.community.waste.mapper.UserMapper' mapperInterface
2025-04-20 17:01:24.852 DEBUG - Enabling autowire by type for MapperFactoryBean with name 'userMapper'.
2025-04-20 17:01:24.852 DEBUG - Creating MapperFactoryBean with name 'faqMapper' and 'com.community.waste.mapper.FaqMapper' mapperInterface
2025-04-20 17:01:24.852 DEBUG - Enabling autowire by type for MapperFactoryBean with name 'faqMapper'.
2025-04-20 17:01:24.852 DEBUG - Creating MapperFactoryBean with name 'wasteCategoryMapper' and 'com.community.waste.mapper.WasteCategoryMapper' mapperInterface
2025-04-20 17:01:24.852 DEBUG - Enabling autowire by type for MapperFactoryBean with name 'wasteCategoryMapper'.
2025-04-20 17:01:24.852 DEBUG - Creating MapperFactoryBean with name 'activityMapper' and 'com.community.waste.mapper.ActivityMapper' mapperInterface
2025-04-20 17:01:24.853 DEBUG - Enabling autowire by type for MapperFactoryBean with name 'activityMapper'.
2025-04-20 17:02:05.681 DEBUG - Identified candidate component class: URL [jar:file:/Users/torres/Desktop/cursor_workspace/community-waste-classification/target/waste-classification-0.0.1-SNAPSHOT.jar!/BOOT-INF/classes!/com/community/waste/mapper/AnnouncementMapper.class]
2025-04-20 17:02:05.681 DEBUG - Identified candidate component class: URL [jar:file:/Users/torres/Desktop/cursor_workspace/community-waste-classification/target/waste-classification-0.0.1-SNAPSHOT.jar!/BOOT-INF/classes!/com/community/waste/mapper/WasteRecordMapper.class]
2025-04-20 17:02:05.681 DEBUG - Identified candidate component class: URL [jar:file:/Users/torres/Desktop/cursor_workspace/community-waste-classification/target/waste-classification-0.0.1-SNAPSHOT.jar!/BOOT-INF/classes!/com/community/waste/mapper/UserMapper.class]
2025-04-20 17:02:05.681 DEBUG - Identified candidate component class: URL [jar:file:/Users/torres/Desktop/cursor_workspace/community-waste-classification/target/waste-classification-0.0.1-SNAPSHOT.jar!/BOOT-INF/classes!/com/community/waste/mapper/FaqMapper.class]
2025-04-20 17:02:05.682 DEBUG - Identified candidate component class: URL [jar:file:/Users/torres/Desktop/cursor_workspace/community-waste-classification/target/waste-classification-0.0.1-SNAPSHOT.jar!/BOOT-INF/classes!/com/community/waste/mapper/WasteCategoryMapper.class]
2025-04-20 17:02:05.682 DEBUG - Identified candidate component class: URL [jar:file:/Users/torres/Desktop/cursor_workspace/community-waste-classification/target/waste-classification-0.0.1-SNAPSHOT.jar!/BOOT-INF/classes!/com/community/waste/mapper/ActivityMapper.class]
2025-04-20 17:02:05.682 DEBUG - Creating MapperFactoryBean with name 'announcementMapper' and 'com.community.waste.mapper.AnnouncementMapper' mapperInterface
2025-04-20 17:02:05.683 DEBUG - Enabling autowire by type for MapperFactoryBean with name 'announcementMapper'.
2025-04-20 17:02:05.683 DEBUG - Creating MapperFactoryBean with name 'wasteRecordMapper' and 'com.community.waste.mapper.WasteRecordMapper' mapperInterface
2025-04-20 17:02:05.683 DEBUG - Enabling autowire by type for MapperFactoryBean with name 'wasteRecordMapper'.
2025-04-20 17:02:05.683 DEBUG - Creating MapperFactoryBean with name 'userMapper' and 'com.community.waste.mapper.UserMapper' mapperInterface
2025-04-20 17:02:05.683 DEBUG - Enabling autowire by type for MapperFactoryBean with name 'userMapper'.
2025-04-20 17:02:05.683 DEBUG - Creating MapperFactoryBean with name 'faqMapper' and 'com.community.waste.mapper.FaqMapper' mapperInterface
2025-04-20 17:02:05.683 DEBUG - Enabling autowire by type for MapperFactoryBean with name 'faqMapper'.
2025-04-20 17:02:05.683 DEBUG - Creating MapperFactoryBean with name 'wasteCategoryMapper' and 'com.community.waste.mapper.WasteCategoryMapper' mapperInterface
2025-04-20 17:02:05.683 DEBUG - Enabling autowire by type for MapperFactoryBean with name 'wasteCategoryMapper'.
2025-04-20 17:02:05.683 DEBUG - Creating MapperFactoryBean with name 'activityMapper' and 'com.community.waste.mapper.ActivityMapper' mapperInterface
2025-04-20 17:02:05.683 DEBUG - Enabling autowire by type for MapperFactoryBean with name 'activityMapper'.
2025-04-20 17:04:02.510 DEBUG - Identified candidate component class: URL [jar:file:/Users/torres/Desktop/cursor_workspace/community-waste-classification/target/waste-classification-0.0.1-SNAPSHOT.jar!/BOOT-INF/classes!/com/community/waste/mapper/AnnouncementMapper.class]
2025-04-20 17:04:02.511 DEBUG - Identified candidate component class: URL [jar:file:/Users/torres/Desktop/cursor_workspace/community-waste-classification/target/waste-classification-0.0.1-SNAPSHOT.jar!/BOOT-INF/classes!/com/community/waste/mapper/WasteRecordMapper.class]
2025-04-20 17:04:02.511 DEBUG - Identified candidate component class: URL [jar:file:/Users/torres/Desktop/cursor_workspace/community-waste-classification/target/waste-classification-0.0.1-SNAPSHOT.jar!/BOOT-INF/classes!/com/community/waste/mapper/UserMapper.class]
2025-04-20 17:04:02.511 DEBUG - Identified candidate component class: URL [jar:file:/Users/torres/Desktop/cursor_workspace/community-waste-classification/target/waste-classification-0.0.1-SNAPSHOT.jar!/BOOT-INF/classes!/com/community/waste/mapper/FaqMapper.class]
2025-04-20 17:04:02.511 DEBUG - Identified candidate component class: URL [jar:file:/Users/torres/Desktop/cursor_workspace/community-waste-classification/target/waste-classification-0.0.1-SNAPSHOT.jar!/BOOT-INF/classes!/com/community/waste/mapper/WasteCategoryMapper.class]
2025-04-20 17:04:02.511 DEBUG - Identified candidate component class: URL [jar:file:/Users/torres/Desktop/cursor_workspace/community-waste-classification/target/waste-classification-0.0.1-SNAPSHOT.jar!/BOOT-INF/classes!/com/community/waste/mapper/ActivityMapper.class]
2025-04-20 17:04:02.511 DEBUG - Creating MapperFactoryBean with name 'announcementMapper' and 'com.community.waste.mapper.AnnouncementMapper' mapperInterface
2025-04-20 17:04:02.512 DEBUG - Enabling autowire by type for MapperFactoryBean with name 'announcementMapper'.
2025-04-20 17:04:02.512 DEBUG - Creating MapperFactoryBean with name 'wasteRecordMapper' and 'com.community.waste.mapper.WasteRecordMapper' mapperInterface
2025-04-20 17:04:02.512 DEBUG - Enabling autowire by type for MapperFactoryBean with name 'wasteRecordMapper'.
2025-04-20 17:04:02.512 DEBUG - Creating MapperFactoryBean with name 'userMapper' and 'com.community.waste.mapper.UserMapper' mapperInterface
2025-04-20 17:04:02.512 DEBUG - Enabling autowire by type for MapperFactoryBean with name 'userMapper'.
2025-04-20 17:04:02.512 DEBUG - Creating MapperFactoryBean with name 'faqMapper' and 'com.community.waste.mapper.FaqMapper' mapperInterface
2025-04-20 17:04:02.512 DEBUG - Enabling autowire by type for MapperFactoryBean with name 'faqMapper'.
2025-04-20 17:04:02.512 DEBUG - Creating MapperFactoryBean with name 'wasteCategoryMapper' and 'com.community.waste.mapper.WasteCategoryMapper' mapperInterface
2025-04-20 17:04:02.512 DEBUG - Enabling autowire by type for MapperFactoryBean with name 'wasteCategoryMapper'.
2025-04-20 17:04:02.512 DEBUG - Creating MapperFactoryBean with name 'activityMapper' and 'com.community.waste.mapper.ActivityMapper' mapperInterface
2025-04-20 17:04:02.512 DEBUG - Enabling autowire by type for MapperFactoryBean with name 'activityMapper'.
2025-04-20 17:07:58.201 DEBUG - Identified candidate component class: URL [jar:file:/Users/torres/Desktop/cursor_workspace/community-waste-classification/target/waste-classification-0.0.1-SNAPSHOT.jar!/BOOT-INF/classes!/com/community/waste/mapper/AnnouncementMapper.class]
2025-04-20 17:07:58.201 DEBUG - Identified candidate component class: URL [jar:file:/Users/torres/Desktop/cursor_workspace/community-waste-classification/target/waste-classification-0.0.1-SNAPSHOT.jar!/BOOT-INF/classes!/com/community/waste/mapper/WasteRecordMapper.class]
2025-04-20 17:07:58.201 DEBUG - Identified candidate component class: URL [jar:file:/Users/torres/Desktop/cursor_workspace/community-waste-classification/target/waste-classification-0.0.1-SNAPSHOT.jar!/BOOT-INF/classes!/com/community/waste/mapper/UserMapper.class]
2025-04-20 17:07:58.201 DEBUG - Identified candidate component class: URL [jar:file:/Users/torres/Desktop/cursor_workspace/community-waste-classification/target/waste-classification-0.0.1-SNAPSHOT.jar!/BOOT-INF/classes!/com/community/waste/mapper/FaqMapper.class]
2025-04-20 17:07:58.201 DEBUG - Identified candidate component class: URL [jar:file:/Users/torres/Desktop/cursor_workspace/community-waste-classification/target/waste-classification-0.0.1-SNAPSHOT.jar!/BOOT-INF/classes!/com/community/waste/mapper/WasteCategoryMapper.class]
2025-04-20 17:07:58.201 DEBUG - Identified candidate component class: URL [jar:file:/Users/torres/Desktop/cursor_workspace/community-waste-classification/target/waste-classification-0.0.1-SNAPSHOT.jar!/BOOT-INF/classes!/com/community/waste/mapper/ActivityMapper.class]
2025-04-20 17:07:58.201 DEBUG - Creating MapperFactoryBean with name 'announcementMapper' and 'com.community.waste.mapper.AnnouncementMapper' mapperInterface
2025-04-20 17:07:58.202 DEBUG - Enabling autowire by type for MapperFactoryBean with name 'announcementMapper'.
2025-04-20 17:07:58.202 DEBUG - Creating MapperFactoryBean with name 'wasteRecordMapper' and 'com.community.waste.mapper.WasteRecordMapper' mapperInterface
2025-04-20 17:07:58.202 DEBUG - Enabling autowire by type for MapperFactoryBean with name 'wasteRecordMapper'.
2025-04-20 17:07:58.202 DEBUG - Creating MapperFactoryBean with name 'userMapper' and 'com.community.waste.mapper.UserMapper' mapperInterface
2025-04-20 17:07:58.202 DEBUG - Enabling autowire by type for MapperFactoryBean with name 'userMapper'.
2025-04-20 17:07:58.202 DEBUG - Creating MapperFactoryBean with name 'faqMapper' and 'com.community.waste.mapper.FaqMapper' mapperInterface
2025-04-20 17:07:58.202 DEBUG - Enabling autowire by type for MapperFactoryBean with name 'faqMapper'.
2025-04-20 17:07:58.202 DEBUG - Creating MapperFactoryBean with name 'wasteCategoryMapper' and 'com.community.waste.mapper.WasteCategoryMapper' mapperInterface
2025-04-20 17:07:58.203 DEBUG - Enabling autowire by type for MapperFactoryBean with name 'wasteCategoryMapper'.
2025-04-20 17:07:58.203 DEBUG - Creating MapperFactoryBean with name 'activityMapper' and 'com.community.waste.mapper.ActivityMapper' mapperInterface
2025-04-20 17:07:58.203 DEBUG - Enabling autowire by type for MapperFactoryBean with name 'activityMapper'.
2025-04-20 17:08:31.206 INFO  - 执行SQL: SELECT id, name, description, examples, image1, image2, image3, create_time, update_time FROM waste_category ORDER BY id ASC
2025-04-20 17:08:31.206 INFO  - SQL ID: com.community.waste.mapper.WasteCategoryMapper.selectAll
2025-04-20 17:08:31.206 INFO  - 执行耗时: 30 毫秒
2025-04-20 17:08:40.354 INFO  - 执行SQL: SELECT a. id, title, content, location, start_time, end_time, registration_method, publisher_id, publish_time, update_time , u.id AS publisher_id, u.username AS publisher_username FROM activity a LEFT JOIN user u ON a.publisher_id = u.id WHERE a.end_time >= NOW() ORDER BY a.start_time ASC
2025-04-20 17:08:40.354 INFO  - SQL ID: com.community.waste.mapper.ActivityMapper.selectByTimeOrder
2025-04-20 17:08:40.354 INFO  - 执行耗时: 13 毫秒
